<?xml version="1.0" encoding="UTF-8"?>
<!-- Generated by org.testng.reporters.JUnitReportReporter -->
<testsuite hostname="DESKTOP-KPBN8SD" failures="0" tests="4" name="seleniumProject.TestComponents.SubmitOrder" time="53.193" errors="0" timestamp="2025-02-14T19:22:06 IST" skipped="0">
  <testcase classname="seleniumProject.TestComponents.SubmitOrder" name="PurchaseOrder" time="15.930"/>
  <testcase classname="seleniumProject.TestComponents.SubmitOrder" name="orderValidation" time="8.169"/>
  <testcase classname="seleniumProject.TestComponents.SubmitOrder" name="orderValidation" time="10.579"/>
  <testcase classname="seleniumProject.TestComponents.SubmitOrder" name="PurchaseOrder" time="18.515"/>
</testsuite> <!-- seleniumProject.TestComponents.SubmitOrder -->
