<?xml version="1.0" encoding="UTF-8"?>
<!-- Generated by org.testng.reporters.JUnitReportReporter -->
<testsuite hostname="DESKTOP-KPBN8SD" failures="0" tests="1" name="seleniumProject.TestComponents.ErrorValidation" time="14.395" errors="0" timestamp="2025-02-14T20:18:45 IST" skipped="0">
  <testcase classname="seleniumProject.TestComponents.ErrorValidation" name="loginErrorValidation" time="14.395"/>
</testsuite> <!-- seleniumProject.TestComponents.ErrorValidation -->
